
FileVersion:		2 

ResolutionOfTime:	Volumes 

Experiment:			VisualPerception_Hysteresis 

BackgroundColor:	0  0  0 
TextColor:			255  255  255 

TimeCourseColor:	1  1  1 
TimeCourseThick:	3 
ReferenceFuncColor:	0   0  80 
ReferenceFuncThick:	2 

NrOfConditions:		4 
 
Static 
9 
5	14 
36	45 
67	76 
98	107 
129	138 
160	169 
191	200 
222	231 
253	262 
Color:	190 190 190 

Patt_Comp 
4 
15	35 
77	97 
170	190 
232	252 
Color:	150 210 240 

Comp_Patt 
4 
46	66 
108	128 
139	159 
201	221 
Color:	150 130 160 

Discard 
2 
1	4 
263	266 
Color:	130 130 130 

